Sat Feb 21 11:04:48 CET 2026: Created user #!/bin/bash
Sat Feb 21 11:04:48 CET 2026: Created user #Username
Sat Feb 21 11:04:48 CET 2026: Created user Stanley
Sat Feb 21 11:04:48 CET 2026: Created user Eunice
Sat Feb 21 11:04:48 CET 2026: Created user Segun
Sat Feb 21 11:04:48 CET 2026: Created user Idowu
Sat Feb 21 11:04:49 CET 2026: Created user Moses
Sat Feb 21 11:11:49 CET 2026: User Stanley already exists
Sat Feb 21 11:11:49 CET 2026: User Eunice already exists
Sat Feb 21 11:11:49 CET 2026: User Segun already exists
Sat Feb 21 11:11:49 CET 2026: User Idowu already exists
Sat Feb 21 11:11:49 CET 2026: User Moses already exists
Sat Feb 21 16:06:33 CET 2026: User Stanley already exists
Sat Feb 21 16:06:33 CET 2026: User Eunice already exists
Sat Feb 21 16:06:33 CET 2026: User Segun already exists
Sat Feb 21 16:06:33 CET 2026: User Idowu already exists
Sat Feb 21 16:06:33 CET 2026: User Moses already exists
Sat Feb 21 16:12:49 CET 2026: User Stanley already exists
Sat Feb 21 16:12:49 CET 2026: User Eunice already exists
Sat Feb 21 16:12:49 CET 2026: User Segun already exists
Sat Feb 21 16:12:49 CET 2026: User Idowu already exists
Sat Feb 21 16:12:49 CET 2026: User Moses already exists
Sat Feb 21 16:21:53 CET 2026: User Stanley already exists
Sat Feb 21 16:21:53 CET 2026: User Eunice already exists
Sat Feb 21 16:21:53 CET 2026: User Segun already exists
Sat Feb 21 16:21:53 CET 2026: User Idowu already exists
Sat Feb 21 16:21:53 CET 2026: User Moses already exists
Sat Feb 21 16:22:56 CET 2026: User Stanley already exists
Sat Feb 21 16:22:56 CET 2026: User Eunice already exists
Sat Feb 21 16:22:56 CET 2026: User Segun already exists
Sat Feb 21 16:22:56 CET 2026: User Idowu already exists
Sat Feb 21 16:22:56 CET 2026: User Moses already exists
Sat Feb 21 16:27:31 CET 2026: Reset password for user Stanley
Sat Feb 21 16:27:31 CET 2026: Reset password for user Eunice
Sat Feb 21 16:27:32 CET 2026: Reset password for user Segun
Sat Feb 21 16:27:32 CET 2026: Reset password for user Idowu
Sat Feb 21 16:27:32 CET 2026: Reset password for user Moses
Sat Feb 21 16:31:41 CET 2026: Reset password for user Stanley
Sat Feb 21 16:31:41 CET 2026: Reset password for user Eunice
Sat Feb 21 16:31:41 CET 2026: Reset password for user Segun
Sat Feb 21 16:31:41 CET 2026: Reset password for user Idowu
Sat Feb 21 16:31:41 CET 2026: Reset password for user Moses
Sat Feb 21 16:34:54 CET 2026: Reset password for user Stanley
Sat Feb 21 16:34:54 CET 2026: Reset password for user Eunice
Sat Feb 21 16:34:54 CET 2026: Reset password for user Segun
Sat Feb 21 16:34:55 CET 2026: Reset password for user Idowu
Sat Feb 21 16:34:55 CET 2026: Reset password for user Moses
